# JRE version: Java(TM) SE Runtime Environment (8.0_181-b13) (build 1.8.0_181-b13)
# Java VM: Java HotSpot(TM) 64-Bit Server VM (25.181-b13 mixed mode linux-amd64 compressed oops)
Heap:
 PSYoungGen      total 123904K, used 116084K [0x00000000eab00000, 0x00000000fb580000, 0x0000000100000000)
  eden space 123392K, 93% used [0x00000000eab00000,0x00000000f1c45160,0x00000000f2380000)
  from space 512K, 18% used [0x00000000fb480000,0x00000000fb498000,0x00000000fb500000)
  to   space 512K, 0% used [0x00000000fb500000,0x00000000fb500000,0x00000000fb580000)
 ParOldGen       total 430080K, used 71101K [0x00000000c0000000, 0x00000000da400000, 0x00000000eab00000)
  object space 430080K, 16% used [0x00000000c0000000,0x00000000c456f4f0,0x00000000da400000)
 Metaspace       used 12301K, capacity 12874K, committed 12928K, reserved 1060864K
  class space    used 1828K, capacity 1912K, committed 1920K, reserved 1048576K
GC Heap History (10 events):
Event: 68.809 GC heap before
{Heap before GC invocations=407 (full 0):
 PSYoungGen      total 137216K, used 136768K [0x00000000eab00000, 0x00000000fb580000, 0x0000000100000000)
  eden space 136704K, 100% used [0x00000000eab00000,0x00000000f3080000,0x00000000f3080000)
  from space 512K, 12% used [0x00000000fb500000,0x00000000fb510000,0x00000000fb580000)
  to   space 512K, 0% used [0x00000000fb480000,0x00000000fb480000,0x00000000fb500000)
 ParOldGen       total 430080K, used 71101K [0x00000000c0000000, 0x00000000da400000, 0x00000000eab00000)
  object space 430080K, 16% used [0x00000000c0000000,0x00000000c456f4f0,0x00000000da400000)
 Metaspace       used 12301K, capacity 12874K, committed 12928K, reserved 1060864K
  class space    used 1828K, capacity 1912K, committed 1920K, reserved 1048576K
Event: 68.810 GC heap after
Heap after GC invocations=407 (full 0):
 PSYoungGen      total 134144K, used 64K [0x00000000eab00000, 0x00000000fb580000, 0x0000000100000000)
  eden space 133632K, 0% used [0x00000000eab00000,0x00000000eab00000,0x00000000f2d80000)
  from space 512K, 12% used [0x00000000fb480000,0x00000000fb490000,0x00000000fb500000)
  to   space 512K, 0% used [0x00000000fb500000,0x00000000fb500000,0x00000000fb580000)
 ParOldGen       total 430080K, used 71101K [0x00000000c0000000, 0x00000000da400000, 0x00000000eab00000)
  object space 430080K, 16% used [0x00000000c0000000,0x00000000c456f4f0,0x00000000da400000)
 Metaspace       used 12301K, capacity 12874K, committed 12928K, reserved 1060864K
  class space    used 1828K, capacity 1912K, committed 1920K, reserved 1048576K
}
Event: 68.967 GC heap before
{Heap before GC invocations=408 (full 0):
 PSYoungGen      total 134144K, used 133696K [0x00000000eab00000, 0x00000000fb580000, 0x0000000100000000)
  eden space 133632K, 100% used [0x00000000eab00000,0x00000000f2d80000,0x00000000f2d80000)
  from space 512K, 12% used [0x00000000fb480000,0x00000000fb490000,0x00000000fb500000)
  to   space 512K, 0% used [0x00000000fb500000,0x00000000fb500000,0x00000000fb580000)
 ParOldGen       total 430080K, used 71101K [0x00000000c0000000, 0x00000000da400000, 0x00000000eab00000)
  object space 430080K, 16% used [0x00000000c0000000,0x00000000c456f4f0,0x00000000da400000)
 Metaspace       used 12301K, capacity 12874K, committed 12928K, reserved 1060864K
  class space    used 1828K, capacity 1912K, committed 1920K, reserved 1048576K
Event: 68.969 GC heap after
Heap after GC invocations=408 (full 0):
 PSYoungGen      total 131584K, used 64K [0x00000000eab00000, 0x00000000fb580000, 0x0000000100000000)
  eden space 131072K, 0% used [0x00000000eab00000,0x00000000eab00000,0x00000000f2b00000)
  from space 512K, 12% used [0x00000000fb500000,0x00000000fb510000,0x00000000fb580000)
  to   space 512K, 0% used [0x00000000fb480000,0x00000000fb480000,0x00000000fb500000)
 ParOldGen       total 430080K, used 71101K [0x00000000c0000000, 0x00000000da400000, 0x00000000eab00000)
  object space 430080K, 16% used [0x00000000c0000000,0x00000000c456f4f0,0x00000000da400000)
 Metaspace       used 12301K, capacity 12874K, committed 12928K, reserved 1060864K
  class space    used 1828K, capacity 1912K, committed 1920K, reserved 1048576K
}
Event: 69.121 GC heap before
{Heap before GC invocations=409 (full 0):
 PSYoungGen      total 131584K, used 131136K [0x00000000eab00000, 0x00000000fb580000, 0x0000000100000000)
  eden space 131072K, 100% used [0x00000000eab00000,0x00000000f2b00000,0x00000000f2b00000)
  from space 512K, 12% used [0x00000000fb500000,0x00000000fb510000,0x00000000fb580000)
  to   space 512K, 0% used [0x00000000fb480000,0x00000000fb480000,0x00000000fb500000)
 ParOldGen       total 430080K, used 71101K [0x00000000c0000000, 0x00000000da400000, 0x00000000eab00000)
  object space 430080K, 16% used [0x00000000c0000000,0x00000000c456f4f0,0x00000000da400000)
 Metaspace       used 12301K, capacity 12874K, committed 12928K, reserved 1060864K
  class space    used 1828K, capacity 1912K, committed 1920K, reserved 1048576K
Event: 69.122 GC heap after
Heap after GC invocations=409 (full 0):
 PSYoungGen      total 129024K, used 96K [0x00000000eab00000, 0x00000000fb580000, 0x0000000100000000)
  eden space 128512K, 0% used [0x00000000eab00000,0x00000000eab00000,0x00000000f2880000)
  from space 512K, 18% used [0x00000000fb480000,0x00000000fb498000,0x00000000fb500000)
  to   space 512K, 0% used [0x00000000fb500000,0x00000000fb500000,0x00000000fb580000)
 ParOldGen       total 430080K, used 71101K [0x00000000c0000000, 0x00000000da400000, 0x00000000eab00000)
  object space 430080K, 16% used [0x00000000c0000000,0x00000000c456f4f0,0x00000000da400000)
 Metaspace       used 12301K, capacity 12874K, committed 12928K, reserved 1060864K
  class space    used 1828K, capacity 1912K, committed 1920K, reserved 1048576K
}
Event: 69.273 GC heap before
{Heap before GC invocations=410 (full 0):
 PSYoungGen      total 129024K, used 128608K [0x00000000eab00000, 0x00000000fb580000, 0x0000000100000000)
  eden space 128512K, 100% used [0x00000000eab00000,0x00000000f2880000,0x00000000f2880000)
  from space 512K, 18% used [0x00000000fb480000,0x00000000fb498000,0x00000000fb500000)
  to   space 512K, 0% used [0x00000000fb500000,0x00000000fb500000,0x00000000fb580000)
 ParOldGen       total 430080K, used 71101K [0x00000000c0000000, 0x00000000da400000, 0x00000000eab00000)
  object space 430080K, 16% used [0x00000000c0000000,0x00000000c456f4f0,0x00000000da400000)
 Metaspace       used 12301K, capacity 12874K, committed 12928K, reserved 1060864K
  class space    used 1828K, capacity 1912K, committed 1920K, reserved 1048576K
Event: 69.274 GC heap after
Heap after GC invocations=410 (full 0):
 PSYoungGen      total 126464K, used 64K [0x00000000eab00000, 0x00000000fb580000, 0x0000000100000000)
  eden space 125952K, 0% used [0x00000000eab00000,0x00000000eab00000,0x00000000f2600000)
  from space 512K, 12% used [0x00000000fb500000,0x00000000fb510000,0x00000000fb580000)
  to   space 512K, 0% used [0x00000000fb480000,0x00000000fb480000,0x00000000fb500000)
 ParOldGen       total 430080K, used 71101K [0x00000000c0000000, 0x00000000da400000, 0x00000000eab00000)
  object space 430080K, 16% used [0x00000000c0000000,0x00000000c456f4f0,0x00000000da400000)
 Metaspace       used 12301K, capacity 12874K, committed 12928K, reserved 1060864K
  class space    used 1828K, capacity 1912K, committed 1920K, reserved 1048576K
}
Event: 69.413 GC heap before
{Heap before GC invocations=411 (full 0):
 PSYoungGen      total 126464K, used 126016K [0x00000000eab00000, 0x00000000fb580000, 0x0000000100000000)
  eden space 125952K, 100% used [0x00000000eab00000,0x00000000f2600000,0x00000000f2600000)
  from space 512K, 12% used [0x00000000fb500000,0x00000000fb510000,0x00000000fb580000)
  to   space 512K, 0% used [0x00000000fb480000,0x00000000fb480000,0x00000000fb500000)
 ParOldGen       total 430080K, used 71101K [0x00000000c0000000, 0x00000000da400000, 0x00000000eab00000)
  object space 430080K, 16% used [0x00000000c0000000,0x00000000c456f4f0,0x00000000da400000)
 Metaspace       used 12301K, capacity 12874K, committed 12928K, reserved 1060864K
  class space    used 1828K, capacity 1912K, committed 1920K, reserved 1048576K
Event: 69.416 GC heap after
Heap after GC invocations=411 (full 0):
 PSYoungGen      total 123904K, used 96K [0x00000000eab00000, 0x00000000fb580000, 0x0000000100000000)
  eden space 123392K, 0% used [0x00000000eab00000,0x00000000eab00000,0x00000000f2380000)
  from space 512K, 18% used [0x00000000fb480000,0x00000000fb498000,0x00000000fb500000)
  to   space 512K, 0% used [0x00000000fb500000,0x00000000fb500000,0x00000000fb580000)
 ParOldGen       total 430080K, used 71101K [0x00000000c0000000, 0x00000000da400000, 0x00000000eab00000)
  object space 430080K, 16% used [0x00000000c0000000,0x00000000c456f4f0,0x00000000da400000)
 Metaspace       used 12301K, capacity 12874K, committed 12928K, reserved 1060864K
  class space    used 1828K, capacity 1912K, committed 1920K, reserved 1048576K
}

